\BOOKMARK [0][-]{chapter.1}{Lambda\040Calculus}{}% 1
\BOOKMARK [1][-]{section.1.1}{Considering\040the\040Origins\040of\040Lambda\040Calculus}{chapter.1}% 2
\BOOKMARK [1][-]{section.1.2}{Understanding\040the\040Rules}{chapter.1}% 3
\BOOKMARK [2][-]{subsection.1.2.1}{Working\040with\040variables}{section.1.2}% 4
\BOOKMARK [2][-]{subsection.1.2.2}{Using\040application}{section.1.2}% 5
\BOOKMARK [2][-]{subsection.1.2.3}{Using\040abstraction}{section.1.2}% 6
\BOOKMARK [1][-]{section.1.3}{Performing\040Reduction\040\(Conversion\)\040Operations}{chapter.1}% 7
\BOOKMARK [2][-]{subsection.1.3.1}{Considering\040-reduction}{section.1.3}% 8
\BOOKMARK [2][-]{subsection.1.3.2}{Considering\040-reduction}{section.1.3}% 9
\BOOKMARK [2][-]{subsection.1.3.3}{Considering\040-reduction}{section.1.3}% 10
\BOOKMARK [0][-]{chapter.2}{Category\040Theory}{}% 11
\BOOKMARK [0][-]{chapter.3}{Type\040Theory}{}% 12
\BOOKMARK [0][-]{chapter.4}{Logic}{}% 13
\BOOKMARK [0][-]{chapter.5}{Algorithms}{}% 14
\BOOKMARK [0][-]{chapter.6}{Lambda\040Calculus\040with\040Haskell}{}% 15
\BOOKMARK [0][-]{chapter.7}{Category\040Theory\040with\040Haskell}{}% 16
\BOOKMARK [0][-]{chapter.8}{Type\040Theory\040with\040Haskell}{}% 17
\BOOKMARK [0][-]{chapter.9}{Logic\040with\040Haskell}{}% 18
\BOOKMARK [0][-]{chapter.10}{Algorithms\040with\040Haskell}{}% 19
\BOOKMARK [0][-]{chapter.11}{Lambda\040Calculus\040with\040Scala}{}% 20
\BOOKMARK [0][-]{chapter.12}{Category\040Theory\040with\040Scala}{}% 21
\BOOKMARK [0][-]{chapter.13}{Type\040Theory\040with\040Scala}{}% 22
\BOOKMARK [0][-]{chapter.14}{Logic\040with\040Scala}{}% 23
\BOOKMARK [0][-]{chapter.15}{Algorithms\040with\040Scala}{}% 24
\BOOKMARK [0][-]{chapter.16}{Projects\040in\040Haskell}{}% 25
\BOOKMARK [0][-]{chapter.17}{Projects\040in\040Scala}{}% 26
